2025-05-14 23:17:09 - 
=== STARTING ITERATIVE IMPROVEMENT PROCESS ===
2025-05-14 23:17:09 - 
--- IMPROVEMENT ITERATION 1/5 ---
2025-05-14 23:17:09 - [ITER 1] Loading data from stockbt/datasets/pg.us_daily.csv
2025-05-14 23:17:09 - Loaded 13960 data points for this iteration.
2025-05-14 23:17:09 - 
=== DEBUG: Starting run_simulation with user input: Buy when price rises for 2 days, sell when it fall... ===
2025-05-14 23:17:09 - 
Starting simulation iteration 1 with user input: Buy when price rises for 2 days, sell when it falls…
2025-05-14 23:18:10 - 
=== STARTING ITERATIVE IMPROVEMENT PROCESS ===
2025-05-14 23:18:10 - 
--- IMPROVEMENT ITERATION 1/5 ---
2025-05-14 23:18:10 - [ITER 1] Loading data from stockbt/datasets/test.csv
2025-05-14 23:18:10 - Loaded 10251 data points for this iteration.
2025-05-14 23:18:10 - 
=== DEBUG: Starting run_simulation with user input: Buy when price rises for 2 days, sell when it fall... ===
2025-05-14 23:18:10 - 
Starting simulation iteration 1 with user input: Buy when price rises for 2 days, sell when it falls…
2025-05-14 23:29:41 - 
=== STARTING ITERATIVE IMPROVEMENT PROCESS ===
2025-05-14 23:29:41 - 
--- IMPROVEMENT ITERATION 1/5 ---
2025-05-14 23:29:41 - [ITER 1] Loading data from stockbt/datasets/aon.us_daily.csv
2025-05-14 23:29:41 - Loaded 5086 data points for this iteration.
2025-05-14 23:29:41 - 
=== DEBUG: Starting run_simulation with user input: Buy low, sell high. Buy when a stock drops by 3% f... ===
2025-05-14 23:29:41 - 
Starting simulation iteration 1 with user input: Buy low, sell high. Buy when a stock drops by 3% from its 5-day high, and sell when it rises 2% from…
2025-05-14 23:29:41,624 - DEBUG - Starting new HTTPS connection (1): pypi.org:443
2025-05-14 23:29:41,731 - DEBUG - https://pypi.org:443 "GET /pypi/g4f/json HTTP/1.1" 200 105614
2025-05-14 23:29:41,770 - DEBUG - Starting new HTTPS connection (1): pypi.org:443
2025-05-14 23:29:41,862 - DEBUG - https://pypi.org:443 "GET /pypi/g4f/json HTTP/1.1" 200 105614
2025-05-14 23:29:41,902 - DEBUG - Using selector: KqueueSelector
2025-05-14 23:29:41,904 - DEBUG - Starting new HTTPS connection (1): image.pollinations.ai:443
2025-05-14 23:29:42,220 - DEBUG - https://image.pollinations.ai:443 "GET /models HTTP/1.1" 200 None
2025-05-14 23:29:42,222 - DEBUG - Starting new HTTPS connection (1): text.pollinations.ai:443
2025-05-14 23:29:42,895 - DEBUG - https://text.pollinations.ai:443 "GET /models HTTP/1.1" 200 None
