
> typescript-webpage@1.0.0 start
> webpack serve --open

/Users/avneh/Code/HackSFProject/tw/node_modules/webpack-dev-server/lib/Server.js:2557
        throw error;
        ^

Error: listen EADDRINUSE: address already in use :::9000
    at Server.setupListenHandle [as _listen2] (node:net:1939:16)
    at listenInCluster (node:net:1996:12)
    at Server.listen (node:net:2101:7)
    at READ_WRITE (/Users/avneh/Code/HackSFProject/tw/node_modules/webpack-dev-server/lib/Server.js:3367:23)
    at new Promise (<anonymous>)
    at Server.start (/Users/avneh/Code/HackSFProject/tw/node_modules/webpack-dev-server/lib/Server.js:3365:7)
    at async Command.<anonymous> (/Users/avneh/Code/HackSFProject/tw/node_modules/@webpack-cli/serve/lib/index.js:158:21)
    at async Command.parseAsync (/Users/avneh/Code/HackSFProject/tw/node_modules/webpack-cli/node_modules/commander/lib/command.js:935:5)
    at async Command.<anonymous> (/Users/avneh/Code/HackSFProject/tw/node_modules/webpack-cli/lib/webpack-cli.js:1356:13)
    at async Command.parseAsync (/Users/avneh/Code/HackSFProject/tw/node_modules/webpack-cli/node_modules/commander/lib/command.js:935:5) {
  code: 'EADDRINUSE',
  errno: -48,
  syscall: 'listen',
  address: '::',
  port: 9000
}

Node.js v23.11.0
