 * Serving Flask app 'server' (lazy loading)
 * Environment: production
   WARNING: This is a development server. Do not use it in a production deployment.
   Use a production WSGI server instead.
 * Debug mode: on
 23:53:50,939 - INFO - Starting server (simplified version - skipping cache initialization)...
2025-05-06 23:53:50,941 - WARNING -  * Running on all addresses.
   WARNING: This is a development server. Do not use it in a production deployment.
2025-05-06 23:53:50,941 - INFO -  * Running on http://192.168.68.84:5001/ (Press CTRL+C to quit)
2025-05-06 23:53:50,941 - INFO -  * Restarting with stat
2025-05-06 23:53:51,052 - INFO - Cache directory set to: /Users/avneh/Code/HackSFProject/.cache
2025-05-06 23:53:51,052 - INFO - Cache directory created/verified at: /Users/avneh/Code/HackSFProject/.cache
2025-05-06 23:53:51,053 - INFO - Starting server (simplified version - skipping cache initialization)...
2025-05-06 23:53:51,055 - WARNING -  * Debugger is active!
2025-05-06 23:53:51,059 - INFO -  * Debugger PIN: 112-938-162
2025-05-06 23:53:51,842 - INFO - Found 49 cached article summaries and 13 cached final articles (11 unique)
2025-05-06 23:53:51,842 - INFO - 127.0.0.1 - - [06/May/2025 23:53:51] "GET /check-cache HTTP/1.1" 200 -
2025-05-06 23:53:53,033 - INFO - Found 49 cached article summaries and 13 cached final articles (11 unique)
2025-05-06 23:53:53,033 - INFO - 127.0.0.1 - - [06/May/2025 23:53:53] "GET /check-cache HTTP/1.1" 200 -
2025-05-06 23:53:59,964 - INFO - Starting article caching and question generation...
2025-05-06 23:53:59,964 - INFO - Found ansys.py at: /Users/avneh/Code/HackSFProject/ansys.py
2025-05-06 23:54:00,321 - INFO - Opened new Terminal window to run the command
2025-05-06 23:54:00,323 - INFO - 127.0.0.1 - - [06/May/2025 23:54:00] "GET /cache-articles HTTP/1.1" 200 -
2025-05-06 23:55:48,764 - INFO -  * Detected change in '/Users/avneh/Code/HackSFProject/tw/server.py', reloading
2025-05-06 23:55:48,787 - INFO -  * Restarting with stat
2025-05-06 23:55:48,918 - INFO - Cache directory set to: /Users/avneh/Code/HackSFProject/.cache
2025-05-06 23:55:48,918 - INFO - Cache directory created/verified at: /Users/avneh/Code/HackSFProject/.cache
2025-05-06 23:55:48,920 - INFO - Starting server (simplified version - skipping cache initialization)...
2025-05-06 23:55:48,922 - WARNING -  * Debugger is active!
2025-05-06 23:55:48,927 - INFO -  * Debugger PIN: 112-938-162
